0 info it worked if it ends with ok
1 verbose cli [ '/home/dominic/.nave/installed/0.8.8/bin/node',
1 verbose cli   '/home/dominic/.nave/installed/0.8.8/bin/npm',
1 verbose cli   'run',
1 verbose cli   'build' ]
2 info using npm@1.1.59
3 info using node@v0.8.8
4 verbose read json /home/dominic/c/lxjs-stream-examples/example/freestyle/package.json
5 error Error: ENOENT, open '/home/dominic/c/lxjs-stream-examples/example/freestyle/package.json'
6 error If you need help, you may report this log at:
6 error     <http://github.com/isaacs/npm/issues>
6 error or email it to:
6 error     <npm-@googlegroups.com>
7 error System Linux 3.2.0-23-generic
8 error command "/home/dominic/.nave/installed/0.8.8/bin/node" "/home/dominic/.nave/installed/0.8.8/bin/npm" "run" "build"
9 error cwd /home/dominic/c/lxjs-stream-examples/example/freestyle
10 error node -v v0.8.8
11 error npm -v 1.1.59
12 error path /home/dominic/c/lxjs-stream-examples/example/freestyle/package.json
13 error code ENOENT
14 error errno 34
15 verbose exit [ 34, true ]
